{"D:\\Binar\\F-BEE24001186-km7-din-banking-ch2\\src\\controllers\\accountController.js": {"path":"D:\\Binar\\F-BEE24001186-km7-din-banking-ch2\\src\\controllers\\accountController.js","statementMap":{"0":{"start":{"line":1,"column":58},"end":{"line":1,"column":98}},"1":{"start":{"line":3,"column":22},"end":{"line":10,"column":1}},"2":{"start":{"line":4,"column":2},"end":{"line":9,"column":3}},"3":{"start":{"line":5,"column":20},"end":{"line":5,"column":49}},"4":{"start":{"line":6,"column":4},"end":{"line":6,"column":34}},"5":{"start":{"line":8,"column":4},"end":{"line":8,"column":51}},"6":{"start":{"line":12,"column":23},"end":{"line":19,"column":1}},"7":{"start":{"line":13,"column":2},"end":{"line":18,"column":3}},"8":{"start":{"line":14,"column":21},"end":{"line":14,"column":40}},"9":{"start":{"line":15,"column":4},"end":{"line":15,"column":35}},"10":{"start":{"line":17,"column":4},"end":{"line":17,"column":51}},"11":{"start":{"line":21,"column":23},"end":{"line":32,"column":1}},"12":{"start":{"line":22,"column":2},"end":{"line":31,"column":3}},"13":{"start":{"line":23,"column":20},"end":{"line":23,"column":65}},"14":{"start":{"line":24,"column":4},"end":{"line":28,"column":5}},"15":{"start":{"line":25,"column":6},"end":{"line":25,"column":36}},"16":{"start":{"line":27,"column":6},"end":{"line":27,"column":61}},"17":{"start":{"line":30,"column":4},"end":{"line":30,"column":51}},"18":{"start":{"line":34,"column":0},"end":{"line":34,"column":66}}},"fnMap":{"0":{"name":"(anonymous_0)","decl":{"start":{"line":3,"column":22},"end":{"line":3,"column":23}},"loc":{"start":{"line":3,"column":42},"end":{"line":10,"column":1}},"line":3},"1":{"name":"(anonymous_1)","decl":{"start":{"line":12,"column":23},"end":{"line":12,"column":24}},"loc":{"start":{"line":12,"column":43},"end":{"line":19,"column":1}},"line":12},"2":{"name":"(anonymous_2)","decl":{"start":{"line":21,"column":23},"end":{"line":21,"column":24}},"loc":{"start":{"line":21,"column":43},"end":{"line":32,"column":1}},"line":21}},"branchMap":{"0":{"loc":{"start":{"line":24,"column":4},"end":{"line":28,"column":5}},"type":"if","locations":[{"start":{"line":24,"column":4},"end":{"line":28,"column":5}},{"start":{"line":26,"column":11},"end":{"line":28,"column":5}}],"line":24}},"s":{"0":1,"1":1,"2":2,"3":2,"4":1,"5":1,"6":1,"7":2,"8":2,"9":1,"10":1,"11":1,"12":2,"13":2,"14":2,"15":1,"16":1,"17":0,"18":1},"f":{"0":2,"1":2,"2":2},"b":{"0":[1,1]},"_coverageSchema":"1a1c01bbd47fc00a2c39e90264f33305004495a9","hash":"6faac4d28b361990f4f6a66bed8046513a6618f7"}
,"D:\\Binar\\F-BEE24001186-km7-din-banking-ch2\\src\\controllers\\transactionController.js": {"path":"D:\\Binar\\F-BEE24001186-km7-din-banking-ch2\\src\\controllers\\transactionController.js","statementMap":{"0":{"start":{"line":1,"column":67},"end":{"line":1,"column":111}},"1":{"start":{"line":3,"column":22},"end":{"line":10,"column":1}},"2":{"start":{"line":4,"column":2},"end":{"line":9,"column":3}},"3":{"start":{"line":5,"column":24},"end":{"line":5,"column":57}},"4":{"start":{"line":6,"column":4},"end":{"line":6,"column":38}},"5":{"start":{"line":8,"column":4},"end":{"line":8,"column":51}},"6":{"start":{"line":12,"column":27},"end":{"line":19,"column":1}},"7":{"start":{"line":13,"column":2},"end":{"line":18,"column":3}},"8":{"start":{"line":14,"column":25},"end":{"line":14,"column":48}},"9":{"start":{"line":15,"column":4},"end":{"line":15,"column":39}},"10":{"start":{"line":17,"column":4},"end":{"line":17,"column":51}},"11":{"start":{"line":21,"column":30},"end":{"line":32,"column":1}},"12":{"start":{"line":22,"column":2},"end":{"line":31,"column":3}},"13":{"start":{"line":23,"column":24},"end":{"line":23,"column":74}},"14":{"start":{"line":24,"column":4},"end":{"line":28,"column":5}},"15":{"start":{"line":25,"column":6},"end":{"line":25,"column":40}},"16":{"start":{"line":27,"column":6},"end":{"line":27,"column":65}},"17":{"start":{"line":30,"column":4},"end":{"line":30,"column":51}},"18":{"start":{"line":34,"column":0},"end":{"line":34,"column":78}}},"fnMap":{"0":{"name":"(anonymous_0)","decl":{"start":{"line":3,"column":22},"end":{"line":3,"column":23}},"loc":{"start":{"line":3,"column":42},"end":{"line":10,"column":1}},"line":3},"1":{"name":"(anonymous_1)","decl":{"start":{"line":12,"column":27},"end":{"line":12,"column":28}},"loc":{"start":{"line":12,"column":47},"end":{"line":19,"column":1}},"line":12},"2":{"name":"(anonymous_2)","decl":{"start":{"line":21,"column":30},"end":{"line":21,"column":31}},"loc":{"start":{"line":21,"column":50},"end":{"line":32,"column":1}},"line":21}},"branchMap":{"0":{"loc":{"start":{"line":24,"column":4},"end":{"line":28,"column":5}},"type":"if","locations":[{"start":{"line":24,"column":4},"end":{"line":28,"column":5}},{"start":{"line":26,"column":11},"end":{"line":28,"column":5}}],"line":24}},"s":{"0":1,"1":1,"2":2,"3":2,"4":1,"5":1,"6":1,"7":1,"8":1,"9":1,"10":0,"11":1,"12":3,"13":3,"14":2,"15":1,"16":1,"17":1,"18":1},"f":{"0":2,"1":1,"2":3},"b":{"0":[1,1]},"_coverageSchema":"1a1c01bbd47fc00a2c39e90264f33305004495a9","hash":"2439ca47503d53a3f11a1a31076b5e51144ed2cc"}
,"D:\\Binar\\F-BEE24001186-km7-din-banking-ch2\\src\\controllers\\userController.js": {"path":"D:\\Binar\\F-BEE24001186-km7-din-banking-ch2\\src\\controllers\\userController.js","statementMap":{"0":{"start":{"line":1,"column":75},"end":{"line":1,"column":112}},"1":{"start":{"line":3,"column":22},"end":{"line":10,"column":1}},"2":{"start":{"line":4,"column":2},"end":{"line":9,"column":3}},"3":{"start":{"line":5,"column":20},"end":{"line":5,"column":46}},"4":{"start":{"line":6,"column":4},"end":{"line":6,"column":34}},"5":{"start":{"line":8,"column":4},"end":{"line":8,"column":51}},"6":{"start":{"line":12,"column":20},"end":{"line":19,"column":1}},"7":{"start":{"line":13,"column":2},"end":{"line":18,"column":3}},"8":{"start":{"line":14,"column":18},"end":{"line":14,"column":34}},"9":{"start":{"line":15,"column":4},"end":{"line":15,"column":32}},"10":{"start":{"line":17,"column":4},"end":{"line":17,"column":51}},"11":{"start":{"line":21,"column":23},"end":{"line":32,"column":1}},"12":{"start":{"line":22,"column":2},"end":{"line":31,"column":3}},"13":{"start":{"line":23,"column":17},"end":{"line":23,"column":53}},"14":{"start":{"line":24,"column":4},"end":{"line":28,"column":5}},"15":{"start":{"line":25,"column":6},"end":{"line":25,"column":33}},"16":{"start":{"line":27,"column":6},"end":{"line":27,"column":58}},"17":{"start":{"line":30,"column":4},"end":{"line":30,"column":51}},"18":{"start":{"line":34,"column":23},"end":{"line":47,"column":1}},"19":{"start":{"line":35,"column":2},"end":{"line":46,"column":3}},"20":{"start":{"line":36,"column":17},"end":{"line":36,"column":27}},"21":{"start":{"line":37,"column":17},"end":{"line":37,"column":46}},"22":{"start":{"line":38,"column":4},"end":{"line":43,"column":5}},"23":{"start":{"line":39,"column":6},"end":{"line":42,"column":8}},"24":{"start":{"line":45,"column":4},"end":{"line":45,"column":49}},"25":{"start":{"line":49,"column":18},"end":{"line":56,"column":1}},"26":{"start":{"line":50,"column":2},"end":{"line":55,"column":3}},"27":{"start":{"line":51,"column":18},"end":{"line":51,"column":39}},"28":{"start":{"line":52,"column":4},"end":{"line":52,"column":32}},"29":{"start":{"line":54,"column":4},"end":{"line":54,"column":51}},"30":{"start":{"line":58,"column":0},"end":{"line":58,"column":90}}},"fnMap":{"0":{"name":"(anonymous_0)","decl":{"start":{"line":3,"column":22},"end":{"line":3,"column":23}},"loc":{"start":{"line":3,"column":42},"end":{"line":10,"column":1}},"line":3},"1":{"name":"(anonymous_1)","decl":{"start":{"line":12,"column":20},"end":{"line":12,"column":21}},"loc":{"start":{"line":12,"column":40},"end":{"line":19,"column":1}},"line":12},"2":{"name":"(anonymous_2)","decl":{"start":{"line":21,"column":23},"end":{"line":21,"column":24}},"loc":{"start":{"line":21,"column":43},"end":{"line":32,"column":1}},"line":21},"3":{"name":"(anonymous_3)","decl":{"start":{"line":34,"column":23},"end":{"line":34,"column":24}},"loc":{"start":{"line":34,"column":42},"end":{"line":47,"column":1}},"line":34},"4":{"name":"(anonymous_4)","decl":{"start":{"line":49,"column":18},"end":{"line":49,"column":19}},"loc":{"start":{"line":49,"column":38},"end":{"line":56,"column":1}},"line":49}},"branchMap":{"0":{"loc":{"start":{"line":24,"column":4},"end":{"line":28,"column":5}},"type":"if","locations":[{"start":{"line":24,"column":4},"end":{"line":28,"column":5}},{"start":{"line":26,"column":11},"end":{"line":28,"column":5}}],"line":24},"1":{"loc":{"start":{"line":38,"column":4},"end":{"line":43,"column":5}},"type":"if","locations":[{"start":{"line":38,"column":4},"end":{"line":43,"column":5}},{"start":{},"end":{}}],"line":38}},"s":{"0":1,"1":1,"2":2,"3":2,"4":1,"5":1,"6":1,"7":2,"8":2,"9":1,"10":1,"11":1,"12":3,"13":3,"14":2,"15":1,"16":1,"17":1,"18":1,"19":0,"20":0,"21":0,"22":0,"23":0,"24":0,"25":1,"26":2,"27":2,"28":1,"29":1,"30":1},"f":{"0":2,"1":2,"2":3,"3":0,"4":2},"b":{"0":[1,1],"1":[0,0]},"_coverageSchema":"1a1c01bbd47fc00a2c39e90264f33305004495a9","hash":"89b45a7927b6276d3f5c302956313523157ed33e"}
,"D:\\Binar\\F-BEE24001186-km7-din-banking-ch2\\src\\db\\index.js": {"path":"D:\\Binar\\F-BEE24001186-km7-din-banking-ch2\\src\\db\\index.js","statementMap":{"0":{"start":{"line":1,"column":16},"end":{"line":1,"column":34}},"1":{"start":{"line":2,"column":25},"end":{"line":2,"column":50}},"2":{"start":{"line":5,"column":15},"end":{"line":5,"column":33}},"3":{"start":{"line":45,"column":0},"end":{"line":45,"column":26}}},"fnMap":{},"branchMap":{},"s":{"0":3,"1":3,"2":3,"3":3},"f":{},"b":{},"_coverageSchema":"1a1c01bbd47fc00a2c39e90264f33305004495a9","hash":"bbc152d02664f52ef074826877dc1eb09e441d01"}
,"D:\\Binar\\F-BEE24001186-km7-din-banking-ch2\\src\\db\\services\\accountService.js": {"path":"D:\\Binar\\F-BEE24001186-km7-din-banking-ch2\\src\\db\\services\\accountService.js","statementMap":{"0":{"start":{"line":21,"column":19},"end":{"line":21,"column":38}},"1":{"start":{"line":23,"column":22},"end":{"line":30,"column":1}},"2":{"start":{"line":24,"column":2},"end":{"line":29,"column":5}},"3":{"start":{"line":32,"column":20},"end":{"line":34,"column":1}},"4":{"start":{"line":33,"column":2},"end":{"line":33,"column":46}},"5":{"start":{"line":36,"column":26},"end":{"line":38,"column":1}},"6":{"start":{"line":37,"column":2},"end":{"line":37,"column":86}},"7":{"start":{"line":40,"column":0},"end":{"line":40,"column":67}}},"fnMap":{"0":{"name":"(anonymous_0)","decl":{"start":{"line":23,"column":22},"end":{"line":23,"column":23}},"loc":{"start":{"line":23,"column":38},"end":{"line":30,"column":1}},"line":23},"1":{"name":"(anonymous_1)","decl":{"start":{"line":32,"column":20},"end":{"line":32,"column":21}},"loc":{"start":{"line":32,"column":32},"end":{"line":34,"column":1}},"line":32},"2":{"name":"(anonymous_2)","decl":{"start":{"line":36,"column":26},"end":{"line":36,"column":27}},"loc":{"start":{"line":36,"column":47},"end":{"line":38,"column":1}},"line":36}},"branchMap":{},"s":{"0":2,"1":2,"2":1,"3":2,"4":1,"5":2,"6":1,"7":2},"f":{"0":1,"1":1,"2":1},"b":{},"_coverageSchema":"1a1c01bbd47fc00a2c39e90264f33305004495a9","hash":"c20bb6cab3b8853e91590391472e23df08e3dd77"}
,"D:\\Binar\\F-BEE24001186-km7-din-banking-ch2\\src\\db\\services\\transactionService.js": {"path":"D:\\Binar\\F-BEE24001186-km7-din-banking-ch2\\src\\db\\services\\transactionService.js","statementMap":{"0":{"start":{"line":1,"column":17},"end":{"line":1,"column":36}},"1":{"start":{"line":3,"column":26},"end":{"line":11,"column":1}},"2":{"start":{"line":4,"column":2},"end":{"line":10,"column":5}},"3":{"start":{"line":13,"column":24},"end":{"line":15,"column":1}},"4":{"start":{"line":14,"column":2},"end":{"line":14,"column":45}},"5":{"start":{"line":17,"column":27},"end":{"line":21,"column":1}},"6":{"start":{"line":18,"column":2},"end":{"line":20,"column":5}},"7":{"start":{"line":23,"column":0},"end":{"line":23,"column":76}}},"fnMap":{"0":{"name":"(anonymous_0)","decl":{"start":{"line":3,"column":26},"end":{"line":3,"column":27}},"loc":{"start":{"line":3,"column":42},"end":{"line":11,"column":1}},"line":3},"1":{"name":"(anonymous_1)","decl":{"start":{"line":13,"column":24},"end":{"line":13,"column":25}},"loc":{"start":{"line":13,"column":36},"end":{"line":15,"column":1}},"line":13},"2":{"name":"(anonymous_2)","decl":{"start":{"line":17,"column":27},"end":{"line":17,"column":28}},"loc":{"start":{"line":17,"column":52},"end":{"line":21,"column":1}},"line":17}},"branchMap":{},"s":{"0":2,"1":2,"2":1,"3":2,"4":1,"5":2,"6":1,"7":2},"f":{"0":1,"1":1,"2":1},"b":{},"_coverageSchema":"1a1c01bbd47fc00a2c39e90264f33305004495a9","hash":"51d4845bbba4bc034072de8882e053d61a2a2ad9"}
,"D:\\Binar\\F-BEE24001186-km7-din-banking-ch2\\src\\db\\services\\userService.js": {"path":"D:\\Binar\\F-BEE24001186-km7-din-banking-ch2\\src\\db\\services\\userService.js","statementMap":{"0":{"start":{"line":1,"column":17},"end":{"line":1,"column":36}},"1":{"start":{"line":2,"column":12},"end":{"line":2,"column":35}},"2":{"start":{"line":4,"column":19},"end":{"line":13,"column":1}},"3":{"start":{"line":5,"column":14},"end":{"line":11,"column":4}},"4":{"start":{"line":12,"column":2},"end":{"line":12,"column":13}},"5":{"start":{"line":15,"column":17},"end":{"line":17,"column":1}},"6":{"start":{"line":16,"column":2},"end":{"line":16,"column":37}},"7":{"start":{"line":19,"column":20},"end":{"line":23,"column":1}},"8":{"start":{"line":20,"column":2},"end":{"line":22,"column":5}},"9":{"start":{"line":25,"column":14},"end":{"line":43,"column":1}},"10":{"start":{"line":26,"column":27},"end":{"line":26,"column":31}},"11":{"start":{"line":28,"column":15},"end":{"line":30,"column":4}},"12":{"start":{"line":32,"column":2},"end":{"line":34,"column":3}},"13":{"start":{"line":33,"column":4},"end":{"line":33,"column":57}},"14":{"start":{"line":36,"column":16},"end":{"line":40,"column":3}},"15":{"start":{"line":42,"column":2},"end":{"line":42,"column":25}},"16":{"start":{"line":46,"column":0},"end":{"line":46,"column":62}}},"fnMap":{"0":{"name":"(anonymous_0)","decl":{"start":{"line":4,"column":19},"end":{"line":4,"column":20}},"loc":{"start":{"line":4,"column":35},"end":{"line":13,"column":1}},"line":4},"1":{"name":"(anonymous_1)","decl":{"start":{"line":15,"column":17},"end":{"line":15,"column":18}},"loc":{"start":{"line":15,"column":29},"end":{"line":17,"column":1}},"line":15},"2":{"name":"(anonymous_2)","decl":{"start":{"line":19,"column":20},"end":{"line":19,"column":21}},"loc":{"start":{"line":19,"column":38},"end":{"line":23,"column":1}},"line":19},"3":{"name":"(anonymous_3)","decl":{"start":{"line":25,"column":14},"end":{"line":25,"column":15}},"loc":{"start":{"line":25,"column":30},"end":{"line":43,"column":1}},"line":25}},"branchMap":{"0":{"loc":{"start":{"line":32,"column":2},"end":{"line":34,"column":3}},"type":"if","locations":[{"start":{"line":32,"column":2},"end":{"line":34,"column":3}},{"start":{},"end":{}}],"line":32},"1":{"loc":{"start":{"line":32,"column":6},"end":{"line":32,"column":41}},"type":"binary-expr","locations":[{"start":{"line":32,"column":6},"end":{"line":32,"column":11}},{"start":{"line":32,"column":15},"end":{"line":32,"column":41}}],"line":32}},"s":{"0":2,"1":2,"2":2,"3":1,"4":1,"5":2,"6":1,"7":2,"8":1,"9":2,"10":1,"11":1,"12":1,"13":0,"14":1,"15":1,"16":2},"f":{"0":1,"1":1,"2":1,"3":1},"b":{"0":[0,1],"1":[1,1]},"_coverageSchema":"1a1c01bbd47fc00a2c39e90264f33305004495a9","hash":"21585235c9819298dfccc1bbb1fc858b97dc8329"}
}
