TN:
SF:src\controllers\accountController.js
FN:3,(anonymous_0)
FN:12,(anonymous_1)
FN:21,(anonymous_2)
FNF:3
FNH:3
FNDA:2,(anonymous_0)
FNDA:2,(anonymous_1)
FNDA:2,(anonymous_2)
DA:1,1
DA:3,1
DA:4,2
DA:5,2
DA:6,1
DA:8,1
DA:12,1
DA:13,2
DA:14,2
DA:15,1
DA:17,1
DA:21,1
DA:22,2
DA:23,2
DA:24,2
DA:25,1
DA:27,1
DA:30,0
DA:34,1
LF:19
LH:18
BRDA:24,0,0,1
BRDA:24,0,1,1
BRF:2
BRH:2
end_of_record
TN:
SF:src\controllers\transactionController.js
FN:3,(anonymous_0)
FN:12,(anonymous_1)
FN:21,(anonymous_2)
FNF:3
FNH:3
FNDA:2,(anonymous_0)
FNDA:1,(anonymous_1)
FNDA:3,(anonymous_2)
DA:1,1
DA:3,1
DA:4,2
DA:5,2
DA:6,1
DA:8,1
DA:12,1
DA:13,1
DA:14,1
DA:15,1
DA:17,0
DA:21,1
DA:22,3
DA:23,3
DA:24,2
DA:25,1
DA:27,1
DA:30,1
DA:34,1
LF:19
LH:18
BRDA:24,0,0,1
BRDA:24,0,1,1
BRF:2
BRH:2
end_of_record
TN:
SF:src\controllers\userController.js
FN:3,(anonymous_0)
FN:12,(anonymous_1)
FN:21,(anonymous_2)
FN:34,(anonymous_3)
FN:49,(anonymous_4)
FNF:5
FNH:4
FNDA:2,(anonymous_0)
FNDA:2,(anonymous_1)
FNDA:3,(anonymous_2)
FNDA:0,(anonymous_3)
FNDA:2,(anonymous_4)
DA:1,1
DA:3,1
DA:4,2
DA:5,2
DA:6,1
DA:8,1
DA:12,1
DA:13,2
DA:14,2
DA:15,1
DA:17,1
DA:21,1
DA:22,3
DA:23,3
DA:24,2
DA:25,1
DA:27,1
DA:30,1
DA:34,1
DA:35,0
DA:36,0
DA:37,0
DA:38,0
DA:39,0
DA:45,0
DA:49,1
DA:50,2
DA:51,2
DA:52,1
DA:54,1
DA:58,1
LF:31
LH:25
BRDA:24,0,0,1
BRDA:24,0,1,1
BRDA:38,1,0,0
BRDA:38,1,1,0
BRF:4
BRH:2
end_of_record
TN:
SF:src\db\index.js
FNF:0
FNH:0
DA:1,3
DA:2,3
DA:5,3
DA:45,3
LF:4
LH:4
BRF:0
BRH:0
end_of_record
TN:
SF:src\db\services\accountService.js
FN:23,(anonymous_0)
FN:32,(anonymous_1)
FN:36,(anonymous_2)
FNF:3
FNH:3
FNDA:1,(anonymous_0)
FNDA:1,(anonymous_1)
FNDA:1,(anonymous_2)
DA:21,2
DA:23,2
DA:24,1
DA:32,2
DA:33,1
DA:36,2
DA:37,1
DA:40,2
LF:8
LH:8
BRF:0
BRH:0
end_of_record
TN:
SF:src\db\services\transactionService.js
FN:3,(anonymous_0)
FN:13,(anonymous_1)
FN:17,(anonymous_2)
FNF:3
FNH:3
FNDA:1,(anonymous_0)
FNDA:1,(anonymous_1)
FNDA:1,(anonymous_2)
DA:1,2
DA:3,2
DA:4,1
DA:13,2
DA:14,1
DA:17,2
DA:18,1
DA:23,2
LF:8
LH:8
BRF:0
BRH:0
end_of_record
TN:
SF:src\db\services\userService.js
FN:4,(anonymous_0)
FN:15,(anonymous_1)
FN:19,(anonymous_2)
FN:25,(anonymous_3)
FNF:4
FNH:4
FNDA:1,(anonymous_0)
FNDA:1,(anonymous_1)
FNDA:1,(anonymous_2)
FNDA:1,(anonymous_3)
DA:1,2
DA:2,2
DA:4,2
DA:5,1
DA:12,1
DA:15,2
DA:16,1
DA:19,2
DA:20,1
DA:25,2
DA:26,1
DA:28,1
DA:32,1
DA:33,0
DA:36,1
DA:42,1
DA:46,2
LF:17
LH:16
BRDA:32,0,0,0
BRDA:32,0,1,1
BRDA:32,1,0,1
BRDA:32,1,1,1
BRF:4
BRH:3
end_of_record
